2026-06-23 22:42:03 [background-preinit] INFO  o.h.validator.internal.util.Version - HV000001: Hibernate Validator 9.0.1.Final
2026-06-23 22:42:03 [restartedMain] INFO  c.m.backend.BackendApplication - Starting BackendApplication using Java 21.0.2 with PID 22872 (C:\Users\letit\OneDrive\Desktop\facultate\project awbd\MediCare-Clinic\backend\target\classes started by letit in C:\Users\letit\OneDrive\Desktop\facultate\project awbd\MediCare-Clinic\backend)
2026-06-23 22:42:03 [restartedMain] DEBUG c.m.backend.BackendApplication - Running with Spring Boot v4.0.6, Spring v7.0.7
2026-06-23 22:42:03 [restartedMain] INFO  c.m.backend.BackendApplication - The following 1 profile is active: "dev"
2026-06-23 22:42:03 [restartedMain] INFO  o.s.b.d.e.DevToolsPropertyDefaultsPostProcessor - Devtools property defaults active! Set 'spring.devtools.add-properties' to 'false' to disable
2026-06-23 22:42:03 [restartedMain] INFO  o.s.b.d.e.DevToolsPropertyDefaultsPostProcessor - For additional web related logging consider setting the 'logging.level.web' property to 'DEBUG'
2026-06-23 22:42:04 [restartedMain] INFO  o.s.d.r.c.RepositoryConfigurationDelegate - Bootstrapping Spring Data JPA repositories in DEFAULT mode.
2026-06-23 22:42:04 [restartedMain] INFO  o.s.d.r.c.RepositoryConfigurationDelegate - Finished Spring Data repository scanning in 60 ms. Found 7 JPA repository interfaces.
2026-06-23 22:42:05 [restartedMain] INFO  o.s.boot.tomcat.TomcatWebServer - Tomcat initialized with port 8080 (http)
2026-06-23 22:42:05 [restartedMain] INFO  o.a.coyote.http11.Http11NioProtocol - Initializing ProtocolHandler ["http-nio-8080"]
2026-06-23 22:42:05 [restartedMain] INFO  o.a.catalina.core.StandardService - Starting service [Tomcat]
2026-06-23 22:42:05 [restartedMain] INFO  o.a.catalina.core.StandardEngine - Starting Servlet engine: [Apache Tomcat/11.0.21]
2026-06-23 22:42:05 [restartedMain] INFO  o.s.b.w.c.s.WebApplicationContextInitializer - Root WebApplicationContext: initialization completed in 1401 ms
2026-06-23 22:42:05 [restartedMain] INFO  org.hibernate.orm.jpa - HHH008540: Processing PersistenceUnitInfo [name: default]
2026-06-23 22:42:05 [restartedMain] INFO  org.hibernate.orm.core - HHH000001: Hibernate ORM core version 7.2.12.Final
2026-06-23 22:42:06 [restartedMain] INFO  o.s.o.j.p.SpringPersistenceUnitInfo - No LoadTimeWeaver setup: ignoring JPA class transformer
2026-06-23 22:42:06 [restartedMain] INFO  com.zaxxer.hikari.HikariDataSource - HikariPool-1 - Starting...
2026-06-23 22:42:07 [restartedMain] WARN  org.hibernate.orm.jdbc.error - HHH000247: ErrorCode: 0, SQLState: 28P01
2026-06-23 22:42:07 [restartedMain] WARN  org.hibernate.orm.jdbc.error - FATAL: password authentication failed for user "postgres"
2026-06-23 22:42:07 [restartedMain] WARN  org.hibernate.orm.jdbc - HHH100046: Could not obtain connection to query JDBC database metadata
org.hibernate.exception.AuthException: Unable to obtain isolated JDBC connection [FATAL: password authentication failed for user "postgres"] [n/a]
	at org.hibernate.exception.internal.SQLStateConversionDelegate.convert(SQLStateConversionDelegate.java:87)
	at org.hibernate.exception.internal.StandardSQLExceptionConverter.convert(StandardSQLExceptionConverter.java:34)
	at org.hibernate.engine.jdbc.spi.SqlExceptionHelper.convert(SqlExceptionHelper.java:115)
	at org.hibernate.engine.jdbc.spi.SqlExceptionHelper.convert(SqlExceptionHelper.java:101)
	at org.hibernate.resource.transaction.backend.jdbc.internal.JdbcIsolationDelegate.delegateWork(JdbcIsolationDelegate.java:51)
	at org.hibernate.engine.jdbc.env.internal.JdbcEnvironmentInitiator.getJdbcEnvironmentUsingJdbcMetadata(JdbcEnvironmentInitiator.java:366)
	at org.hibernate.engine.jdbc.env.internal.JdbcEnvironmentInitiator.getJdbcEnvironment(JdbcEnvironmentInitiator.java:143)
	at org.hibernate.engine.jdbc.env.internal.JdbcEnvironmentInitiator.initiateService(JdbcEnvironmentInitiator.java:120)
	at org.hibernate.engine.jdbc.env.internal.JdbcEnvironmentInitiator.initiateService(JdbcEnvironmentInitiator.java:80)
	at org.hibernate.boot.registry.internal.StandardServiceRegistryImpl.initiateService(StandardServiceRegistryImpl.java:133)
	at org.hibernate.service.internal.AbstractServiceRegistryImpl.createService(AbstractServiceRegistryImpl.java:260)
	at org.hibernate.service.internal.AbstractServiceRegistryImpl.initializeService(AbstractServiceRegistryImpl.java:235)
	at org.hibernate.service.internal.AbstractServiceRegistryImpl.getService(AbstractServiceRegistryImpl.java:212)
	at org.hibernate.boot.model.relational.Database.<init>(Database.java:44)
	at org.hibernate.boot.internal.InFlightMetadataCollectorImpl.getDatabase(InFlightMetadataCollectorImpl.java:251)
	at org.hibernate.boot.internal.InFlightMetadataCollectorImpl.<init>(InFlightMetadataCollectorImpl.java:203)
	at org.hibernate.boot.model.process.spi.MetadataBuildingProcess.complete(MetadataBuildingProcess.java:172)
	at org.hibernate.jpa.boot.internal.EntityManagerFactoryBuilderImpl.metadata(EntityManagerFactoryBuilderImpl.java:1392)
	at org.hibernate.jpa.boot.internal.EntityManagerFactoryBuilderImpl.populateSessionFactoryBuilder(EntityManagerFactoryBuilderImpl.java:1472)
	at org.hibernate.jpa.boot.internal.EntityManagerFactoryBuilderImpl.build(EntityManagerFactoryBuilderImpl.java:1454)
	at org.springframework.orm.jpa.vendor.SpringHibernateJpaPersistenceProvider.createContainerEntityManagerFactory(SpringHibernateJpaPersistenceProvider.java:93)
	at org.springframework.orm.jpa.LocalContainerEntityManagerFactoryBean.createNativeEntityManagerFactory(LocalContainerEntityManagerFactoryBean.java:443)
	at org.springframework.orm.jpa.AbstractEntityManagerFactoryBean.buildNativeEntityManagerFactory(AbstractEntityManagerFactoryBean.java:436)
	at org.springframework.orm.jpa.AbstractEntityManagerFactoryBean.afterPropertiesSet(AbstractEntityManagerFactoryBean.java:411)
	at org.springframework.orm.jpa.LocalContainerEntityManagerFactoryBean.afterPropertiesSet(LocalContainerEntityManagerFactoryBean.java:419)
	at org.springframework.beans.factory.support.AbstractAutowireCapableBeanFactory.invokeInitMethods(AbstractAutowireCapableBeanFactory.java:1864)
	at org.springframework.beans.factory.support.AbstractAutowireCapableBeanFactory.initializeBean(AbstractAutowireCapableBeanFactory.java:1813)
	at org.springframework.beans.factory.support.AbstractAutowireCapableBeanFactory.doCreateBean(AbstractAutowireCapableBeanFactory.java:603)
	at org.springframework.beans.factory.support.AbstractAutowireCapableBeanFactory.createBean(AbstractAutowireCapableBeanFactory.java:525)
	at org.springframework.beans.factory.support.AbstractBeanFactory.lambda$doGetBean$0(AbstractBeanFactory.java:333)
	at org.springframework.beans.factory.support.DefaultSingletonBeanRegistry.getSingleton(DefaultSingletonBeanRegistry.java:371)
	at org.springframework.beans.factory.support.AbstractBeanFactory.doGetBean(AbstractBeanFactory.java:331)
	at org.springframework.beans.factory.support.AbstractBeanFactory.getBean(AbstractBeanFactory.java:201)
	at org.springframework.context.support.AbstractApplicationContext.finishBeanFactoryInitialization(AbstractApplicationContext.java:977)
	at org.springframework.context.support.AbstractApplicationContext.refresh(AbstractApplicationContext.java:621)
	at org.springframework.boot.web.server.servlet.context.ServletWebServerApplicationContext.refresh(ServletWebServerApplicationContext.java:143)
	at org.springframework.boot.SpringApplication.refresh(SpringApplication.java:756)
	at org.springframework.boot.SpringApplication.refreshContext(SpringApplication.java:445)
	at org.springframework.boot.SpringApplication.run(SpringApplication.java:321)
	at org.springframework.boot.SpringApplication.run(SpringApplication.java:1365)
	at org.springframework.boot.SpringApplication.run(SpringApplication.java:1354)
	at com.medicareclinic.backend.BackendApplication.main(BackendApplication.java:12)
	at java.base/jdk.internal.reflect.DirectMethodHandleAccessor.invoke(DirectMethodHandleAccessor.java:103)
	at java.base/java.lang.reflect.Method.invoke(Method.java:580)
	at org.springframework.boot.devtools.restart.RestartLauncher.run(RestartLauncher.java:52)
Caused by: org.postgresql.util.PSQLException: FATAL: password authentication failed for user "postgres"
	at org.postgresql.core.v3.ConnectionFactoryImpl.doAuthentication(ConnectionFactoryImpl.java:778)
	at org.postgresql.core.v3.ConnectionFactoryImpl.tryConnect(ConnectionFactoryImpl.java:234)
	at org.postgresql.core.v3.ConnectionFactoryImpl.openConnectionImpl(ConnectionFactoryImpl.java:289)
	at org.postgresql.core.ConnectionFactory.openConnection(ConnectionFactory.java:57)
	at org.postgresql.jdbc.PgConnection.<init>(PgConnection.java:290)
	at org.postgresql.Driver.makeConnection(Driver.java:448)
	at org.postgresql.Driver.connect(Driver.java:298)
	at com.zaxxer.hikari.util.DriverDataSource.getConnection(DriverDataSource.java:144)
	at com.zaxxer.hikari.pool.PoolBase.newConnection(PoolBase.java:373)
	at com.zaxxer.hikari.pool.PoolBase.newPoolEntry(PoolBase.java:210)
	at com.zaxxer.hikari.pool.HikariPool.createPoolEntry(HikariPool.java:488)
	at com.zaxxer.hikari.pool.HikariPool.checkFailFast(HikariPool.java:576)
	at com.zaxxer.hikari.pool.HikariPool.<init>(HikariPool.java:97)
	at com.zaxxer.hikari.HikariDataSource.getConnection(HikariDataSource.java:111)
	at org.hibernate.engine.jdbc.connections.internal.DataSourceConnectionProvider.getConnection(DataSourceConnectionProvider.java:137)
	at org.hibernate.engine.jdbc.env.internal.JdbcEnvironmentInitiator$ConnectionProviderJdbcConnectionAccess.obtainConnection(JdbcEnvironmentInitiator.java:508)
	at org.hibernate.resource.transaction.backend.jdbc.internal.JdbcIsolationDelegate.delegateWork(JdbcIsolationDelegate.java:48)
	... 40 common frames omitted
2026-06-23 22:42:07 [restartedMain] WARN  org.hibernate.orm.deprecation - HHH90000025: PostgreSQLDialect does not need to be specified explicitly using 'hibernate.dialect' (remove the property setting and it will be selected by default)
2026-06-23 22:42:07 [restartedMain] INFO  o.hibernate.orm.connections.pooling - HHH10001005: Database info:
	Database JDBC URL [undefined/unknown]
	Database driver: undefined/unknown
	Database dialect: PostgreSQLDialect
	Database version: 13.0
	Default catalog/schema: unknown/unknown
	Autocommit mode: undefined/unknown
	Isolation level: NONE [default NONE]
	JDBC fetch size: undefined/unknown
	Pool: DataSourceConnectionProvider
	Minimum pool size: undefined/unknown
	Maximum pool size: undefined/unknown
2026-06-23 22:42:08 [restartedMain] INFO  org.hibernate.orm.core - HHH000489: No JTA platform available (set 'hibernate.transaction.jta.platform' to enable JTA platform integration)
2026-06-23 22:42:08 [restartedMain] INFO  com.zaxxer.hikari.HikariDataSource - HikariPool-1 - Starting...
2026-06-23 22:42:10 [restartedMain] WARN  org.hibernate.orm.jdbc.error - HHH000247: ErrorCode: 0, SQLState: 28P01
2026-06-23 22:42:10 [restartedMain] WARN  org.hibernate.orm.jdbc.error - FATAL: password authentication failed for user "postgres"
2026-06-23 22:42:10 [restartedMain] ERROR o.s.o.j.LocalContainerEntityManagerFactoryBean - Failed to initialize JPA EntityManagerFactory: Unable to build Hibernate SessionFactory  [persistence unit: default] ; nested exception is org.hibernate.exception.AuthException: Unable to open JDBC Connection for DDL execution [FATAL: password authentication failed for user "postgres"] [n/a]
2026-06-23 22:42:10 [restartedMain] WARN  o.s.b.w.s.s.c.AnnotationConfigServletWebServerApplicationContext - Exception encountered during context initialization - cancelling refresh attempt: org.springframework.beans.factory.BeanCreationException: Error creating bean with name 'entityManagerFactory' defined in class path resource [org/springframework/boot/hibernate/autoconfigure/HibernateJpaConfiguration.class]: Unable to build Hibernate SessionFactory  [persistence unit: default] ; nested exception is org.hibernate.exception.AuthException: Unable to open JDBC Connection for DDL execution [FATAL: password authentication failed for user "postgres"] [n/a]
2026-06-23 22:42:10 [restartedMain] INFO  o.a.catalina.core.StandardService - Stopping service [Tomcat]
2026-06-23 22:42:10 [restartedMain] INFO  o.s.b.a.l.ConditionEvaluationReportLogger - 

Error starting ApplicationContext. To display the condition evaluation report re-run your application with 'debug' enabled.
2026-06-23 22:42:10 [restartedMain] ERROR o.s.boot.SpringApplication - Application run failed
org.springframework.beans.factory.BeanCreationException: Error creating bean with name 'entityManagerFactory' defined in class path resource [org/springframework/boot/hibernate/autoconfigure/HibernateJpaConfiguration.class]: Unable to build Hibernate SessionFactory  [persistence unit: default] ; nested exception is org.hibernate.exception.AuthException: Unable to open JDBC Connection for DDL execution [FATAL: password authentication failed for user "postgres"] [n/a]
	at org.springframework.beans.factory.support.AbstractAutowireCapableBeanFactory.initializeBean(AbstractAutowireCapableBeanFactory.java:1817)
	at org.springframework.beans.factory.support.AbstractAutowireCapableBeanFactory.doCreateBean(AbstractAutowireCapableBeanFactory.java:603)
	at org.springframework.beans.factory.support.AbstractAutowireCapableBeanFactory.createBean(AbstractAutowireCapableBeanFactory.java:525)
	at org.springframework.beans.factory.support.AbstractBeanFactory.lambda$doGetBean$0(AbstractBeanFactory.java:333)
	at org.springframework.beans.factory.support.DefaultSingletonBeanRegistry.getSingleton(DefaultSingletonBeanRegistry.java:371)
	at org.springframework.beans.factory.support.AbstractBeanFactory.doGetBean(AbstractBeanFactory.java:331)
	at org.springframework.beans.factory.support.AbstractBeanFactory.getBean(AbstractBeanFactory.java:201)
	at org.springframework.context.support.AbstractApplicationContext.finishBeanFactoryInitialization(AbstractApplicationContext.java:977)
	at org.springframework.context.support.AbstractApplicationContext.refresh(AbstractApplicationContext.java:621)
	at org.springframework.boot.web.server.servlet.context.ServletWebServerApplicationContext.refresh(ServletWebServerApplicationContext.java:143)
	at org.springframework.boot.SpringApplication.refresh(SpringApplication.java:756)
	at org.springframework.boot.SpringApplication.refreshContext(SpringApplication.java:445)
	at org.springframework.boot.SpringApplication.run(SpringApplication.java:321)
	at org.springframework.boot.SpringApplication.run(SpringApplication.java:1365)
	at org.springframework.boot.SpringApplication.run(SpringApplication.java:1354)
	at com.medicareclinic.backend.BackendApplication.main(BackendApplication.java:12)
	at java.base/jdk.internal.reflect.DirectMethodHandleAccessor.invoke(DirectMethodHandleAccessor.java:103)
	at java.base/java.lang.reflect.Method.invoke(Method.java:580)
	at org.springframework.boot.devtools.restart.RestartLauncher.run(RestartLauncher.java:52)
Caused by: jakarta.persistence.PersistenceException: Unable to build Hibernate SessionFactory  [persistence unit: default] ; nested exception is org.hibernate.exception.AuthException: Unable to open JDBC Connection for DDL execution [FATAL: password authentication failed for user "postgres"] [n/a]
	at org.springframework.orm.jpa.AbstractEntityManagerFactoryBean.buildNativeEntityManagerFactory(AbstractEntityManagerFactoryBean.java:448)
	at org.springframework.orm.jpa.AbstractEntityManagerFactoryBean.afterPropertiesSet(AbstractEntityManagerFactoryBean.java:411)
	at org.springframework.orm.jpa.LocalContainerEntityManagerFactoryBean.afterPropertiesSet(LocalContainerEntityManagerFactoryBean.java:419)
	at org.springframework.beans.factory.support.AbstractAutowireCapableBeanFactory.invokeInitMethods(AbstractAutowireCapableBeanFactory.java:1864)
	at org.springframework.beans.factory.support.AbstractAutowireCapableBeanFactory.initializeBean(AbstractAutowireCapableBeanFactory.java:1813)
	... 18 common frames omitted
Caused by: org.hibernate.exception.AuthException: Unable to open JDBC Connection for DDL execution [FATAL: password authentication failed for user "postgres"] [n/a]
	at org.hibernate.exception.internal.SQLStateConversionDelegate.convert(SQLStateConversionDelegate.java:87)
	at org.hibernate.exception.internal.StandardSQLExceptionConverter.convert(StandardSQLExceptionConverter.java:34)
	at org.hibernate.engine.jdbc.spi.SqlExceptionHelper.convert(SqlExceptionHelper.java:115)
	at org.hibernate.engine.jdbc.spi.SqlExceptionHelper.convert(SqlExceptionHelper.java:101)
	at org.hibernate.resource.transaction.backend.jdbc.internal.DdlTransactionIsolatorNonJtaImpl.getIsolatedConnection(DdlTransactionIsolatorNonJtaImpl.java:71)
	at org.hibernate.resource.transaction.backend.jdbc.internal.DdlTransactionIsolatorNonJtaImpl.getIsolatedConnection(DdlTransactionIsolatorNonJtaImpl.java:37)
	at org.hibernate.tool.schema.internal.exec.ImprovedExtractionContextImpl.getJdbcConnection(ImprovedExtractionContextImpl.java:61)
	at org.hibernate.tool.schema.extract.spi.ExtractionContext.getQueryResults(ExtractionContext.java:41)
	at org.hibernate.tool.schema.extract.internal.SequenceInformationExtractorLegacyImpl.extractMetadata(SequenceInformationExtractorLegacyImpl.java:36)
	at org.hibernate.tool.schema.extract.internal.DatabaseInformationImpl.initializeSequences(DatabaseInformationImpl.java:73)
	at org.hibernate.tool.schema.extract.internal.DatabaseInformationImpl.<init>(DatabaseInformationImpl.java:63)
	at org.hibernate.tool.schema.extract.internal.CachingDatabaseInformationImpl.<init>(CachingDatabaseInformationImpl.java:43)
	at org.hibernate.tool.schema.internal.GroupedSchemaMigratorImpl.buildDatabaseInformation(GroupedSchemaMigratorImpl.java:112)
	at org.hibernate.tool.schema.internal.AbstractSchemaMigrator.doMigration(AbstractSchemaMigrator.java:83)
	at org.hibernate.tool.schema.spi.SchemaManagementToolCoordinator.performDatabaseAction(SchemaManagementToolCoordinator.java:269)
	at org.hibernate.tool.schema.spi.SchemaManagementToolCoordinator.lambda$process$1(SchemaManagementToolCoordinator.java:101)
	at java.base/java.util.HashMap.forEach(HashMap.java:1429)
	at org.hibernate.tool.schema.spi.SchemaManagementToolCoordinator.process(SchemaManagementToolCoordinator.java:100)
	at org.hibernate.boot.internal.SessionFactoryObserverForSchemaExport.sessionFactoryCreated(SessionFactoryObserverForSchemaExport.java:35)
	at org.hibernate.internal.SessionFactoryObserverChain.sessionFactoryCreated(SessionFactoryObserverChain.java:33)
	at org.hibernate.internal.SessionFactoryImpl.<init>(SessionFactoryImpl.java:323)
	at org.hibernate.internal.SessionFactoryRegistry.instantiateSessionFactory(SessionFactoryRegistry.java:64)
	at org.hibernate.boot.internal.SessionFactoryBuilderImpl.build(SessionFactoryBuilderImpl.java:437)
	at org.hibernate.jpa.boot.internal.EntityManagerFactoryBuilderImpl.build(EntityManagerFactoryBuilderImpl.java:1456)
	at org.springframework.orm.jpa.vendor.SpringHibernateJpaPersistenceProvider.createContainerEntityManagerFactory(SpringHibernateJpaPersistenceProvider.java:93)
	at org.springframework.orm.jpa.LocalContainerEntityManagerFactoryBean.createNativeEntityManagerFactory(LocalContainerEntityManagerFactoryBean.java:443)
	at org.springframework.orm.jpa.AbstractEntityManagerFactoryBean.buildNativeEntityManagerFactory(AbstractEntityManagerFactoryBean.java:436)
	... 22 common frames omitted
Caused by: org.postgresql.util.PSQLException: FATAL: password authentication failed for user "postgres"
	at org.postgresql.core.v3.ConnectionFactoryImpl.doAuthentication(ConnectionFactoryImpl.java:778)
	at org.postgresql.core.v3.ConnectionFactoryImpl.tryConnect(ConnectionFactoryImpl.java:234)
	at org.postgresql.core.v3.ConnectionFactoryImpl.openConnectionImpl(ConnectionFactoryImpl.java:289)
	at org.postgresql.core.ConnectionFactory.openConnection(ConnectionFactory.java:57)
	at org.postgresql.jdbc.PgConnection.<init>(PgConnection.java:290)
	at org.postgresql.Driver.makeConnection(Driver.java:448)
	at org.postgresql.Driver.connect(Driver.java:298)
	at com.zaxxer.hikari.util.DriverDataSource.getConnection(DriverDataSource.java:144)
	at com.zaxxer.hikari.pool.PoolBase.newConnection(PoolBase.java:373)
	at com.zaxxer.hikari.pool.PoolBase.newPoolEntry(PoolBase.java:210)
	at com.zaxxer.hikari.pool.HikariPool.createPoolEntry(HikariPool.java:488)
	at com.zaxxer.hikari.pool.HikariPool.checkFailFast(HikariPool.java:576)
	at com.zaxxer.hikari.pool.HikariPool.<init>(HikariPool.java:97)
	at com.zaxxer.hikari.HikariDataSource.getConnection(HikariDataSource.java:111)
	at org.hibernate.engine.jdbc.connections.internal.DataSourceConnectionProvider.getConnection(DataSourceConnectionProvider.java:137)
	at org.hibernate.engine.jdbc.env.internal.JdbcEnvironmentInitiator$ConnectionProviderJdbcConnectionAccess.obtainConnection(JdbcEnvironmentInitiator.java:508)
	at org.hibernate.resource.transaction.backend.jdbc.internal.DdlTransactionIsolatorNonJtaImpl.getIsolatedConnection(DdlTransactionIsolatorNonJtaImpl.java:44)
	... 44 common frames omitted
2026-06-23 22:55:15 [background-preinit] INFO  o.h.validator.internal.util.Version - HV000001: Hibernate Validator 9.0.1.Final
2026-06-23 22:55:15 [restartedMain] INFO  c.m.backend.BackendApplication - Starting BackendApplication using Java 21.0.2 with PID 19212 (C:\Users\letit\OneDrive\Desktop\facultate\project awbd\MediCare-Clinic\backend\target\classes started by letit in C:\Users\letit\OneDrive\Desktop\facultate\project awbd\MediCare-Clinic\backend)
2026-06-23 22:55:15 [restartedMain] DEBUG c.m.backend.BackendApplication - Running with Spring Boot v4.0.6, Spring v7.0.7
2026-06-23 22:55:15 [restartedMain] INFO  c.m.backend.BackendApplication - The following 1 profile is active: "dev"
2026-06-23 22:55:15 [restartedMain] INFO  o.s.b.d.e.DevToolsPropertyDefaultsPostProcessor - Devtools property defaults active! Set 'spring.devtools.add-properties' to 'false' to disable
2026-06-23 22:55:15 [restartedMain] INFO  o.s.b.d.e.DevToolsPropertyDefaultsPostProcessor - For additional web related logging consider setting the 'logging.level.web' property to 'DEBUG'
2026-06-23 22:55:16 [restartedMain] INFO  o.s.d.r.c.RepositoryConfigurationDelegate - Bootstrapping Spring Data JPA repositories in DEFAULT mode.
2026-06-23 22:55:16 [restartedMain] INFO  o.s.d.r.c.RepositoryConfigurationDelegate - Finished Spring Data repository scanning in 66 ms. Found 7 JPA repository interfaces.
2026-06-23 22:55:17 [restartedMain] INFO  o.s.boot.tomcat.TomcatWebServer - Tomcat initialized with port 8080 (http)
2026-06-23 22:55:17 [restartedMain] INFO  o.a.coyote.http11.Http11NioProtocol - Initializing ProtocolHandler ["http-nio-8080"]
2026-06-23 22:55:17 [restartedMain] INFO  o.a.catalina.core.StandardService - Starting service [Tomcat]
2026-06-23 22:55:17 [restartedMain] INFO  o.a.catalina.core.StandardEngine - Starting Servlet engine: [Apache Tomcat/11.0.21]
2026-06-23 22:55:17 [restartedMain] INFO  o.s.b.w.c.s.WebApplicationContextInitializer - Root WebApplicationContext: initialization completed in 1742 ms
2026-06-23 22:55:17 [restartedMain] INFO  org.hibernate.orm.jpa - HHH008540: Processing PersistenceUnitInfo [name: default]
2026-06-23 22:55:17 [restartedMain] INFO  org.hibernate.orm.core - HHH000001: Hibernate ORM core version 7.2.12.Final
2026-06-23 22:55:18 [restartedMain] INFO  o.s.o.j.p.SpringPersistenceUnitInfo - No LoadTimeWeaver setup: ignoring JPA class transformer
2026-06-23 22:55:18 [restartedMain] INFO  com.zaxxer.hikari.HikariDataSource - HikariPool-1 - Starting...
2026-06-23 22:55:18 [restartedMain] INFO  com.zaxxer.hikari.pool.HikariPool - HikariPool-1 - Added connection org.postgresql.jdbc.PgConnection@183de8e7
2026-06-23 22:55:18 [restartedMain] INFO  com.zaxxer.hikari.HikariDataSource - HikariPool-1 - Start completed.
2026-06-23 22:55:18 [restartedMain] WARN  org.hibernate.orm.deprecation - HHH90000025: PostgreSQLDialect does not need to be specified explicitly using 'hibernate.dialect' (remove the property setting and it will be selected by default)
2026-06-23 22:55:18 [restartedMain] INFO  o.hibernate.orm.connections.pooling - HHH10001005: Database info:
	Database JDBC URL [jdbc:postgresql://localhost:5432/medicareclinic]
	Database driver: PostgreSQL JDBC Driver
	Database dialect: PostgreSQLDialect
	Database version: 18.0
	Default catalog/schema: medicareclinic/public
	Autocommit mode: undefined/unknown
	Isolation level: READ_COMMITTED [default READ_COMMITTED]
	JDBC fetch size: none
	Pool: DataSourceConnectionProvider
	Minimum pool size: undefined/unknown
	Maximum pool size: undefined/unknown
2026-06-23 22:55:20 [restartedMain] INFO  org.hibernate.orm.core - HHH000489: No JTA platform available (set 'hibernate.transaction.jta.platform' to enable JTA platform integration)
2026-06-23 22:55:20 [restartedMain] DEBUG org.hibernate.SQL - 
    create table appointments (
        id bigint generated by default as identity,
        end_time timestamp(6),
        notes varchar(1000),
        start_time timestamp(6) not null,
        status varchar(50),
        doctor_id bigint not null,
        patient_id bigint not null,
        primary key (id)
    )
2026-06-23 22:55:20 [restartedMain] DEBUG org.hibernate.SQL - 
    create table doctor_profiles (
        id bigint generated by default as identity,
        bio varchar(1000),
        license_number varchar(50) not null,
        phone_number varchar(20),
        user_id bigint not null,
        primary key (id)
    )
2026-06-23 22:55:20 [restartedMain] DEBUG org.hibernate.SQL - 
    create table doctor_specialties (
        doctor_id bigint not null,
        specialty_id bigint not null,
        primary key (doctor_id, specialty_id)
    )
2026-06-23 22:55:20 [restartedMain] DEBUG org.hibernate.SQL - 
    create table medical_records (
        id bigint generated by default as identity,
        allergies varchar(500),
        blood_type varchar(10),
        chronic_conditions varchar(500),
        date_of_birth date,
        notes varchar(2000),
        patient_id bigint not null,
        primary key (id)
    )
2026-06-23 22:55:20 [restartedMain] DEBUG org.hibernate.SQL - 
    create table patients (
        id bigint generated by default as identity,
        contact_info varchar(255),
        email varchar(255),
        full_name varchar(255) not null,
        user_id bigint,
        primary key (id)
    )
2026-06-23 22:55:20 [restartedMain] DEBUG org.hibernate.SQL - 
    create table specialties (
        id bigint generated by default as identity,
        description varchar(500),
        name varchar(100) not null,
        primary key (id)
    )
2026-06-23 22:55:20 [restartedMain] DEBUG org.hibernate.SQL - 
    alter table if exists doctor_profiles 
       drop constraint if exists UKlfhrhro6r3sajly4jo7sfmsvw
2026-06-23 22:55:20 [restartedMain] WARN  org.hibernate.orm.jdbc.warn - HHH000247: ErrorCode: 0, SQLState: 00000
2026-06-23 22:55:20 [restartedMain] WARN  org.hibernate.orm.jdbc.warn - constraint "uklfhrhro6r3sajly4jo7sfmsvw" of relation "doctor_profiles" does not exist, skipping
2026-06-23 22:55:20 [restartedMain] DEBUG org.hibernate.SQL - 
    alter table if exists doctor_profiles 
       add constraint UKlfhrhro6r3sajly4jo7sfmsvw unique (license_number)
2026-06-23 22:55:20 [restartedMain] DEBUG org.hibernate.SQL - 
    alter table if exists doctor_profiles 
       drop constraint if exists UKf2ac4saatw7tnup2kqa53oqkl
2026-06-23 22:55:20 [restartedMain] WARN  org.hibernate.orm.jdbc.warn - HHH000247: ErrorCode: 0, SQLState: 00000
2026-06-23 22:55:20 [restartedMain] WARN  org.hibernate.orm.jdbc.warn - constraint "ukf2ac4saatw7tnup2kqa53oqkl" of relation "doctor_profiles" does not exist, skipping
2026-06-23 22:55:20 [restartedMain] DEBUG org.hibernate.SQL - 
    alter table if exists doctor_profiles 
       add constraint UKf2ac4saatw7tnup2kqa53oqkl unique (user_id)
2026-06-23 22:55:20 [restartedMain] DEBUG org.hibernate.SQL - 
    alter table if exists medical_records 
       drop constraint if exists UKpfo95i6n9sje9q9mb429f5qor
2026-06-23 22:55:20 [restartedMain] WARN  org.hibernate.orm.jdbc.warn - HHH000247: ErrorCode: 0, SQLState: 00000
2026-06-23 22:55:20 [restartedMain] WARN  org.hibernate.orm.jdbc.warn - constraint "ukpfo95i6n9sje9q9mb429f5qor" of relation "medical_records" does not exist, skipping
2026-06-23 22:55:20 [restartedMain] DEBUG org.hibernate.SQL - 
    alter table if exists medical_records 
       add constraint UKpfo95i6n9sje9q9mb429f5qor unique (patient_id)
2026-06-23 22:55:20 [restartedMain] DEBUG org.hibernate.SQL - 
    alter table if exists specialties 
       drop constraint if exists UKbhb8s9o5hv30lkbidtod9cixc
2026-06-23 22:55:20 [restartedMain] WARN  org.hibernate.orm.jdbc.warn - HHH000247: ErrorCode: 0, SQLState: 00000
2026-06-23 22:55:20 [restartedMain] WARN  org.hibernate.orm.jdbc.warn - constraint "ukbhb8s9o5hv30lkbidtod9cixc" of relation "specialties" does not exist, skipping
2026-06-23 22:55:20 [restartedMain] DEBUG org.hibernate.SQL - 
    alter table if exists specialties 
       add constraint UKbhb8s9o5hv30lkbidtod9cixc unique (name)
2026-06-23 22:55:20 [restartedMain] DEBUG org.hibernate.SQL - 
    alter table if exists appointments 
       add constraint FK6u6s6egu60m2cbdjno44jbipa 
       foreign key (doctor_id) 
       references users
2026-06-23 22:55:20 [restartedMain] DEBUG org.hibernate.SQL - 
    alter table if exists appointments 
       add constraint FK8exap5wmg8kmb1g1rx3by21yt 
       foreign key (patient_id) 
       references patients
2026-06-23 22:55:20 [restartedMain] DEBUG org.hibernate.SQL - 
    alter table if exists doctor_profiles 
       add constraint FKhrpk2q09sjwf9en18301dioyr 
       foreign key (user_id) 
       references users
2026-06-23 22:55:20 [restartedMain] DEBUG org.hibernate.SQL - 
    alter table if exists doctor_specialties 
       add constraint FK8gbyvkfmm5a01nmd5jberd993 
       foreign key (specialty_id) 
       references specialties
2026-06-23 22:55:20 [restartedMain] DEBUG org.hibernate.SQL - 
    alter table if exists doctor_specialties 
       add constraint FKmec0cx43nut6lvuh6a80dcc5y 
       foreign key (doctor_id) 
       references doctor_profiles
2026-06-23 22:55:20 [restartedMain] DEBUG org.hibernate.SQL - 
    alter table if exists medical_records 
       add constraint FKrav12h9aiw7pegjt62p8owwn3 
       foreign key (patient_id) 
       references patients
2026-06-23 22:55:20 [restartedMain] DEBUG org.hibernate.SQL - 
    alter table if exists patients 
       add constraint FKuwca24wcd1tg6pjex8lmc0y7 
       foreign key (user_id) 
       references users
2026-06-23 22:55:20 [restartedMain] INFO  o.s.o.j.LocalContainerEntityManagerFactoryBean - Initialized JPA EntityManagerFactory for persistence unit 'default'
2026-06-23 22:55:20 [restartedMain] INFO  o.s.d.j.r.q.QueryEnhancerFactories - Hibernate is in classpath; If applicable, HQL parser will be used.
2026-06-23 22:55:25 [restartedMain] INFO  o.a.coyote.http11.Http11NioProtocol - Starting ProtocolHandler ["http-nio-8080"]
2026-06-23 22:55:25 [restartedMain] INFO  o.s.boot.tomcat.TomcatWebServer - Tomcat started on port 8080 (http) with context path '/'
2026-06-23 22:55:25 [restartedMain] INFO  c.m.backend.BackendApplication - Started BackendApplication in 10.086 seconds (process running for 10.522)
2026-06-23 22:55:25 [restartedMain] DEBUG org.hibernate.SQL - 
    select
        count(*) 
    from
        roles r1_0
2026-06-23 22:55:25 [restartedMain] DEBUG org.hibernate.SQL - 
    select
        count(*) 
    from
        users u1_0
2026-06-23 22:55:25 [restartedMain] DEBUG org.hibernate.SQL - 
    select
        count(*) 
    from
        specialties s1_0
2026-06-23 22:55:25 [restartedMain] DEBUG org.hibernate.SQL - 
    insert 
    into
        specialties
        (description, name) 
    values
        (?, ?)
2026-06-23 22:55:25 [restartedMain] DEBUG org.hibernate.SQL - 
    insert 
    into
        specialties
        (description, name) 
    values
        (?, ?)
2026-06-23 22:55:25 [restartedMain] DEBUG org.hibernate.SQL - 
    insert 
    into
        specialties
        (description, name) 
    values
        (?, ?)
2026-06-23 22:55:25 [restartedMain] DEBUG org.hibernate.SQL - 
    insert 
    into
        specialties
        (description, name) 
    values
        (?, ?)
2026-06-23 22:55:25 [restartedMain] INFO  c.m.backend.config.DataInitializer - Default specialties created
2026-06-23 22:55:25 [restartedMain] DEBUG org.hibernate.SQL - 
    select
        count(*) 
    from
        doctor_profiles dp1_0
2026-06-23 22:55:25 [restartedMain] DEBUG org.hibernate.SQL - 
    select
        s1_0.id,
        s1_0.description,
        s1_0.name 
    from
        specialties s1_0 
    where
        s1_0.name=?
2026-06-23 22:55:25 [restartedMain] DEBUG org.hibernate.SQL - 
    select
        s1_0.id,
        s1_0.description,
        s1_0.name 
    from
        specialties s1_0 
    where
        s1_0.name=?
2026-06-23 22:55:25 [restartedMain] DEBUG org.hibernate.SQL - 
    select
        u1_0.id,
        u1_0.enabled,
        u1_0.password,
        u1_0.username 
    from
        users u1_0 
    where
        u1_0.username=?
2026-06-23 22:55:25 [restartedMain] INFO  o.s.b.a.l.ConditionEvaluationReportLogger - 

Error starting ApplicationContext. To display the condition evaluation report re-run your application with 'debug' enabled.
2026-06-23 22:55:25 [restartedMain] ERROR o.s.boot.SpringApplication - Application run failed
java.util.NoSuchElementException: No value present
	at java.base/java.util.Optional.orElseThrow(Optional.java:377)
	at com.medicareclinic.backend.config.DataInitializer.createDoctorProfilesIfAbsent(DataInitializer.java:83)
	at com.medicareclinic.backend.config.DataInitializer.run(DataInitializer.java:35)
	at java.base/jdk.internal.reflect.DirectMethodHandleAccessor.invoke(DirectMethodHandleAccessor.java:103)
	at java.base/java.lang.reflect.Method.invoke(Method.java:580)
	at org.springframework.aop.support.AopUtils.invokeJoinpointUsingReflection(AopUtils.java:359)
	at org.springframework.aop.framework.ReflectiveMethodInvocation.invokeJoinpoint(ReflectiveMethodInvocation.java:190)
	at org.springframework.aop.framework.ReflectiveMethodInvocation.proceed(ReflectiveMethodInvocation.java:158)
	at org.springframework.transaction.interceptor.TransactionInterceptor$1.proceedWithInvocation(TransactionInterceptor.java:133)
	at org.springframework.transaction.interceptor.TransactionAspectSupport.invokeWithinTransaction(TransactionAspectSupport.java:371)
	at org.springframework.transaction.interceptor.TransactionInterceptor.invoke(TransactionInterceptor.java:130)
	at org.springframework.aop.framework.ReflectiveMethodInvocation.proceed(ReflectiveMethodInvocation.java:179)
	at org.springframework.aop.framework.CglibAopProxy$DynamicAdvisedInterceptor.intercept(CglibAopProxy.java:719)
	at com.medicareclinic.backend.config.DataInitializer$$SpringCGLIB$$0.run(<generated>)
	at org.springframework.boot.SpringApplication.lambda$callRunner$1(SpringApplication.java:792)
	at org.springframework.util.function.ThrowingConsumer$1.acceptWithException(ThrowingConsumer.java:82)
	at org.springframework.util.function.ThrowingConsumer.accept(ThrowingConsumer.java:60)
	at org.springframework.util.function.ThrowingConsumer$1.accept(ThrowingConsumer.java:86)
	at org.springframework.boot.SpringApplication.callRunner(SpringApplication.java:800)
	at org.springframework.boot.SpringApplication.callRunner(SpringApplication.java:791)
	at org.springframework.boot.SpringApplication.lambda$callRunners$0(SpringApplication.java:776)
	at java.base/java.util.stream.ForEachOps$ForEachOp$OfRef.accept(ForEachOps.java:184)
	at java.base/java.util.stream.SortedOps$SizedRefSortingSink.end(SortedOps.java:357)
	at java.base/java.util.stream.AbstractPipeline.copyInto(AbstractPipeline.java:510)
	at java.base/java.util.stream.AbstractPipeline.wrapAndCopyInto(AbstractPipeline.java:499)
	at java.base/java.util.stream.ForEachOps$ForEachOp.evaluateSequential(ForEachOps.java:151)
	at java.base/java.util.stream.ForEachOps$ForEachOp$OfRef.evaluateSequential(ForEachOps.java:174)
	at java.base/java.util.stream.AbstractPipeline.evaluate(AbstractPipeline.java:234)
	at java.base/java.util.stream.ReferencePipeline.forEach(ReferencePipeline.java:596)
	at org.springframework.boot.SpringApplication.callRunners(SpringApplication.java:776)
	at org.springframework.boot.SpringApplication.run(SpringApplication.java:328)
	at org.springframework.boot.SpringApplication.run(SpringApplication.java:1365)
	at org.springframework.boot.SpringApplication.run(SpringApplication.java:1354)
	at com.medicareclinic.backend.BackendApplication.main(BackendApplication.java:12)
	at java.base/jdk.internal.reflect.DirectMethodHandleAccessor.invoke(DirectMethodHandleAccessor.java:103)
	at java.base/java.lang.reflect.Method.invoke(Method.java:580)
	at org.springframework.boot.devtools.restart.RestartLauncher.run(RestartLauncher.java:52)
2026-06-23 22:55:25 [restartedMain] INFO  o.s.boot.tomcat.GracefulShutdown - Commencing graceful shutdown. Waiting for active requests to complete
2026-06-23 22:55:25 [tomcat-shutdown] INFO  o.s.boot.tomcat.GracefulShutdown - Graceful shutdown complete
2026-06-23 22:55:25 [restartedMain] INFO  o.s.o.j.LocalContainerEntityManagerFactoryBean - Closing JPA EntityManagerFactory for persistence unit 'default'
2026-06-23 22:55:25 [restartedMain] INFO  com.zaxxer.hikari.HikariDataSource - HikariPool-1 - Shutdown initiated...
2026-06-23 22:55:25 [restartedMain] INFO  com.zaxxer.hikari.HikariDataSource - HikariPool-1 - Shutdown completed.
2026-06-23 23:01:49 [background-preinit] INFO  o.h.validator.internal.util.Version - HV000001: Hibernate Validator 9.0.1.Final
2026-06-23 23:01:49 [restartedMain] INFO  c.m.backend.BackendApplication - Starting BackendApplication using Java 21.0.2 with PID 8336 (C:\Users\letit\OneDrive\Desktop\facultate\project awbd\MediCare-Clinic\backend\target\classes started by letit in C:\Users\letit\OneDrive\Desktop\facultate\project awbd\MediCare-Clinic\backend)
2026-06-23 23:01:49 [restartedMain] DEBUG c.m.backend.BackendApplication - Running with Spring Boot v4.0.6, Spring v7.0.7
2026-06-23 23:01:49 [restartedMain] INFO  c.m.backend.BackendApplication - The following 1 profile is active: "dev"
2026-06-23 23:01:49 [restartedMain] INFO  o.s.b.d.e.DevToolsPropertyDefaultsPostProcessor - Devtools property defaults active! Set 'spring.devtools.add-properties' to 'false' to disable
2026-06-23 23:01:49 [restartedMain] INFO  o.s.b.d.e.DevToolsPropertyDefaultsPostProcessor - For additional web related logging consider setting the 'logging.level.web' property to 'DEBUG'
2026-06-23 23:01:49 [restartedMain] INFO  o.s.d.r.c.RepositoryConfigurationDelegate - Bootstrapping Spring Data JPA repositories in DEFAULT mode.
2026-06-23 23:01:50 [restartedMain] INFO  o.s.d.r.c.RepositoryConfigurationDelegate - Finished Spring Data repository scanning in 42 ms. Found 7 JPA repository interfaces.
2026-06-23 23:01:50 [restartedMain] INFO  o.s.boot.tomcat.TomcatWebServer - Tomcat initialized with port 8080 (http)
2026-06-23 23:01:50 [restartedMain] INFO  o.a.coyote.http11.Http11NioProtocol - Initializing ProtocolHandler ["http-nio-8080"]
2026-06-23 23:01:50 [restartedMain] INFO  o.a.catalina.core.StandardService - Starting service [Tomcat]
2026-06-23 23:01:50 [restartedMain] INFO  o.a.catalina.core.StandardEngine - Starting Servlet engine: [Apache Tomcat/11.0.21]
2026-06-23 23:01:50 [restartedMain] INFO  o.s.b.w.c.s.WebApplicationContextInitializer - Root WebApplicationContext: initialization completed in 1146 ms
2026-06-23 23:01:50 [restartedMain] INFO  org.hibernate.orm.jpa - HHH008540: Processing PersistenceUnitInfo [name: default]
2026-06-23 23:01:50 [restartedMain] INFO  org.hibernate.orm.core - HHH000001: Hibernate ORM core version 7.2.12.Final
2026-06-23 23:01:51 [restartedMain] INFO  o.s.o.j.p.SpringPersistenceUnitInfo - No LoadTimeWeaver setup: ignoring JPA class transformer
2026-06-23 23:01:51 [restartedMain] INFO  com.zaxxer.hikari.HikariDataSource - HikariPool-1 - Starting...
2026-06-23 23:01:51 [restartedMain] INFO  com.zaxxer.hikari.pool.HikariPool - HikariPool-1 - Added connection org.postgresql.jdbc.PgConnection@40ad1325
2026-06-23 23:01:51 [restartedMain] INFO  com.zaxxer.hikari.HikariDataSource - HikariPool-1 - Start completed.
2026-06-23 23:01:51 [restartedMain] WARN  org.hibernate.orm.deprecation - HHH90000025: PostgreSQLDialect does not need to be specified explicitly using 'hibernate.dialect' (remove the property setting and it will be selected by default)
2026-06-23 23:01:51 [restartedMain] INFO  o.hibernate.orm.connections.pooling - HHH10001005: Database info:
	Database JDBC URL [jdbc:postgresql://localhost:5432/medicareclinic]
	Database driver: PostgreSQL JDBC Driver
	Database dialect: PostgreSQLDialect
	Database version: 18.0
	Default catalog/schema: medicareclinic/public
	Autocommit mode: undefined/unknown
	Isolation level: READ_COMMITTED [default READ_COMMITTED]
	JDBC fetch size: none
	Pool: DataSourceConnectionProvider
	Minimum pool size: undefined/unknown
	Maximum pool size: undefined/unknown
2026-06-23 23:01:52 [restartedMain] INFO  org.hibernate.orm.core - HHH000489: No JTA platform available (set 'hibernate.transaction.jta.platform' to enable JTA platform integration)
2026-06-23 23:01:52 [restartedMain] INFO  o.s.o.j.LocalContainerEntityManagerFactoryBean - Initialized JPA EntityManagerFactory for persistence unit 'default'
2026-06-23 23:01:52 [restartedMain] INFO  o.s.d.j.r.q.QueryEnhancerFactories - Hibernate is in classpath; If applicable, HQL parser will be used.
2026-06-23 23:01:53 [restartedMain] INFO  o.a.coyote.http11.Http11NioProtocol - Starting ProtocolHandler ["http-nio-8080"]
2026-06-23 23:01:53 [restartedMain] INFO  o.s.boot.tomcat.TomcatWebServer - Tomcat started on port 8080 (http) with context path '/'
2026-06-23 23:01:53 [restartedMain] INFO  c.m.backend.BackendApplication - Started BackendApplication in 4.735 seconds (process running for 5.143)
2026-06-23 23:01:53 [restartedMain] DEBUG org.hibernate.SQL - 
    select
        r1_0.id,
        r1_0.name 
    from
        roles r1_0 
    where
        r1_0.name=?
2026-06-23 23:01:54 [restartedMain] DEBUG org.hibernate.SQL - 
    insert 
    into
        roles
        (name) 
    values
        (?)
2026-06-23 23:01:54 [restartedMain] DEBUG org.hibernate.SQL - 
    select
        r1_0.id,
        r1_0.name 
    from
        roles r1_0 
    where
        r1_0.name=?
2026-06-23 23:01:54 [restartedMain] DEBUG org.hibernate.SQL - 
    insert 
    into
        roles
        (name) 
    values
        (?)
2026-06-23 23:01:54 [restartedMain] DEBUG org.hibernate.SQL - 
    select
        r1_0.id,
        r1_0.name 
    from
        roles r1_0 
    where
        r1_0.name=?
2026-06-23 23:01:54 [restartedMain] DEBUG org.hibernate.SQL - 
    insert 
    into
        roles
        (name) 
    values
        (?)
2026-06-23 23:01:54 [restartedMain] DEBUG org.hibernate.SQL - 
    select
        r1_0.id,
        r1_0.name 
    from
        roles r1_0 
    where
        r1_0.name=?
2026-06-23 23:01:54 [restartedMain] DEBUG org.hibernate.SQL - 
    select
        r1_0.id,
        r1_0.name 
    from
        roles r1_0 
    where
        r1_0.name=?
2026-06-23 23:01:54 [restartedMain] DEBUG org.hibernate.SQL - 
    select
        r1_0.id,
        r1_0.name 
    from
        roles r1_0 
    where
        r1_0.name=?
2026-06-23 23:01:54 [restartedMain] DEBUG org.hibernate.SQL - 
    select
        r1_0.id,
        r1_0.name 
    from
        roles r1_0 
    where
        r1_0.name=?
2026-06-23 23:01:54 [restartedMain] DEBUG org.hibernate.SQL - 
    select
        r1_0.id,
        r1_0.name 
    from
        roles r1_0 
    where
        r1_0.name=?
2026-06-23 23:01:54 [restartedMain] DEBUG org.hibernate.SQL - 
    select
        u1_0.id 
    from
        users u1_0 
    where
        u1_0.username=? 
    fetch
        first ? rows only
2026-06-23 23:01:54 [restartedMain] DEBUG org.hibernate.SQL - 
    select
        u1_0.id 
    from
        users u1_0 
    where
        u1_0.username=? 
    fetch
        first ? rows only
2026-06-23 23:01:54 [restartedMain] DEBUG org.hibernate.SQL - 
    insert 
    into
        users
        (enabled, password, username) 
    values
        (?, ?, ?)
2026-06-23 23:01:54 [restartedMain] DEBUG org.hibernate.SQL - 
    select
        u1_0.id 
    from
        users u1_0 
    where
        u1_0.username=? 
    fetch
        first ? rows only
2026-06-23 23:01:54 [restartedMain] DEBUG org.hibernate.SQL - 
    insert 
    into
        users
        (enabled, password, username) 
    values
        (?, ?, ?)
2026-06-23 23:01:54 [restartedMain] DEBUG org.hibernate.SQL - 
    select
        u1_0.id 
    from
        users u1_0 
    where
        u1_0.username=? 
    fetch
        first ? rows only
2026-06-23 23:01:54 [restartedMain] DEBUG org.hibernate.SQL - 
    insert 
    into
        users
        (enabled, password, username) 
    values
        (?, ?, ?)
2026-06-23 23:01:54 [restartedMain] DEBUG org.hibernate.SQL - 
    select
        u1_0.id 
    from
        users u1_0 
    where
        u1_0.username=? 
    fetch
        first ? rows only
2026-06-23 23:01:54 [restartedMain] DEBUG org.hibernate.SQL - 
    insert 
    into
        users
        (enabled, password, username) 
    values
        (?, ?, ?)
2026-06-23 23:01:54 [restartedMain] DEBUG org.hibernate.SQL - 
    select
        u1_0.id 
    from
        users u1_0 
    where
        u1_0.username=? 
    fetch
        first ? rows only
2026-06-23 23:01:54 [restartedMain] DEBUG org.hibernate.SQL - 
    insert 
    into
        users
        (enabled, password, username) 
    values
        (?, ?, ?)
2026-06-23 23:01:54 [restartedMain] INFO  c.m.backend.config.DataInitializer - Default users ensured
2026-06-23 23:01:54 [restartedMain] DEBUG org.hibernate.SQL - 
    select
        s1_0.id 
    from
        specialties s1_0 
    where
        s1_0.name=? 
    fetch
        first ? rows only
2026-06-23 23:01:54 [restartedMain] DEBUG org.hibernate.SQL - 
    insert 
    into
        specialties
        (description, name) 
    values
        (?, ?)
2026-06-23 23:01:54 [restartedMain] DEBUG org.hibernate.SQL - 
    select
        s1_0.id 
    from
        specialties s1_0 
    where
        s1_0.name=? 
    fetch
        first ? rows only
2026-06-23 23:01:54 [restartedMain] DEBUG org.hibernate.SQL - 
    insert 
    into
        specialties
        (description, name) 
    values
        (?, ?)
2026-06-23 23:01:54 [restartedMain] DEBUG org.hibernate.SQL - 
    select
        s1_0.id 
    from
        specialties s1_0 
    where
        s1_0.name=? 
    fetch
        first ? rows only
2026-06-23 23:01:54 [restartedMain] DEBUG org.hibernate.SQL - 
    insert 
    into
        specialties
        (description, name) 
    values
        (?, ?)
2026-06-23 23:01:54 [restartedMain] DEBUG org.hibernate.SQL - 
    select
        s1_0.id 
    from
        specialties s1_0 
    where
        s1_0.name=? 
    fetch
        first ? rows only
2026-06-23 23:01:54 [restartedMain] DEBUG org.hibernate.SQL - 
    insert 
    into
        specialties
        (description, name) 
    values
        (?, ?)
2026-06-23 23:01:54 [restartedMain] DEBUG org.hibernate.SQL - 
    select
        s1_0.id,
        s1_0.description,
        s1_0.name 
    from
        specialties s1_0 
    where
        s1_0.name=?
2026-06-23 23:01:54 [restartedMain] DEBUG org.hibernate.SQL - 
    select
        s1_0.id,
        s1_0.description,
        s1_0.name 
    from
        specialties s1_0 
    where
        s1_0.name=?
2026-06-23 23:01:54 [restartedMain] DEBUG org.hibernate.SQL - 
    select
        u1_0.id,
        u1_0.enabled,
        u1_0.password,
        u1_0.username 
    from
        users u1_0 
    where
        u1_0.username=?
2026-06-23 23:01:54 [restartedMain] DEBUG org.hibernate.SQL - 
    select
        dp1_0.id 
    from
        doctor_profiles dp1_0 
    where
        dp1_0.user_id=? 
    fetch
        first ? rows only
2026-06-23 23:01:54 [restartedMain] DEBUG org.hibernate.SQL - 
    insert 
    into
        doctor_profiles
        (bio, license_number, phone_number, user_id) 
    values
        (?, ?, ?, ?)
2026-06-23 23:01:54 [restartedMain] DEBUG org.hibernate.SQL - 
    select
        u1_0.id,
        u1_0.enabled,
        u1_0.password,
        u1_0.username 
    from
        users u1_0 
    where
        u1_0.username=?
2026-06-23 23:01:54 [restartedMain] DEBUG org.hibernate.SQL - 
    select
        dp1_0.id 
    from
        doctor_profiles dp1_0 
    where
        dp1_0.user_id=? 
    fetch
        first ? rows only
2026-06-23 23:01:54 [restartedMain] DEBUG org.hibernate.SQL - 
    insert 
    into
        doctor_profiles
        (bio, license_number, phone_number, user_id) 
    values
        (?, ?, ?, ?)
2026-06-23 23:01:54 [restartedMain] INFO  c.m.backend.config.DataInitializer - Default doctor profiles ensured
2026-06-23 23:01:54 [restartedMain] DEBUG org.hibernate.SQL - 
    select
        u1_0.id,
        u1_0.enabled,
        u1_0.password,
        u1_0.username 
    from
        users u1_0 
    where
        u1_0.username=?
2026-06-23 23:01:54 [restartedMain] DEBUG org.hibernate.SQL - 
    select
        p1_0.id,
        p1_0.contact_info,
        p1_0.email,
        p1_0.full_name,
        p1_0.user_id 
    from
        patients p1_0 
    left join
        users u1_0 
            on u1_0.id=p1_0.user_id 
    where
        u1_0.username=?
2026-06-23 23:01:54 [restartedMain] DEBUG org.hibernate.SQL - 
    insert 
    into
        patients
        (contact_info, email, full_name, user_id) 
    values
        (?, ?, ?, ?)
2026-06-23 23:01:54 [restartedMain] DEBUG org.hibernate.SQL - 
    select
        u1_0.id,
        u1_0.enabled,
        u1_0.password,
        u1_0.username 
    from
        users u1_0 
    where
        u1_0.username=?
2026-06-23 23:01:54 [restartedMain] DEBUG org.hibernate.SQL - 
    select
        p1_0.id,
        p1_0.contact_info,
        p1_0.email,
        p1_0.full_name,
        p1_0.user_id 
    from
        patients p1_0 
    left join
        users u1_0 
            on u1_0.id=p1_0.user_id 
    where
        u1_0.username=?
2026-06-23 23:01:54 [restartedMain] DEBUG org.hibernate.SQL - 
    insert 
    into
        patients
        (contact_info, email, full_name, user_id) 
    values
        (?, ?, ?, ?)
2026-06-23 23:01:54 [restartedMain] INFO  c.m.backend.config.DataInitializer - Default patients ensured
2026-06-23 23:01:54 [restartedMain] DEBUG org.hibernate.SQL - 
    select
        p1_0.id,
        p1_0.contact_info,
        p1_0.email,
        p1_0.full_name,
        p1_0.user_id 
    from
        patients p1_0 
    left join
        users u1_0 
            on u1_0.id=p1_0.user_id 
    where
        u1_0.username=?
2026-06-23 23:01:54 [restartedMain] DEBUG org.hibernate.SQL - 
    select
        mr1_0.id 
    from
        medical_records mr1_0 
    where
        mr1_0.patient_id=? 
    fetch
        first ? rows only
2026-06-23 23:01:54 [restartedMain] DEBUG org.hibernate.SQL - 
    insert 
    into
        medical_records
        (allergies, blood_type, chronic_conditions, date_of_birth, notes, patient_id) 
    values
        (?, ?, ?, ?, ?, ?)
2026-06-23 23:01:54 [restartedMain] DEBUG org.hibernate.SQL - 
    select
        p1_0.id,
        p1_0.contact_info,
        p1_0.email,
        p1_0.full_name,
        p1_0.user_id 
    from
        patients p1_0 
    left join
        users u1_0 
            on u1_0.id=p1_0.user_id 
    where
        u1_0.username=?
2026-06-23 23:01:54 [restartedMain] DEBUG org.hibernate.SQL - 
    select
        mr1_0.id 
    from
        medical_records mr1_0 
    where
        mr1_0.patient_id=? 
    fetch
        first ? rows only
2026-06-23 23:01:54 [restartedMain] DEBUG org.hibernate.SQL - 
    insert 
    into
        medical_records
        (allergies, blood_type, chronic_conditions, date_of_birth, notes, patient_id) 
    values
        (?, ?, ?, ?, ?, ?)
2026-06-23 23:01:54 [restartedMain] INFO  c.m.backend.config.DataInitializer - Default medical records ensured
2026-06-23 23:01:54 [restartedMain] DEBUG org.hibernate.SQL - 
    insert 
    into
        user_roles
        (user_id, role_id) 
    values
        (?, ?)
2026-06-23 23:01:54 [restartedMain] DEBUG org.hibernate.SQL - 
    insert 
    into
        user_roles
        (user_id, role_id) 
    values
        (?, ?)
2026-06-23 23:01:54 [restartedMain] DEBUG org.hibernate.SQL - 
    insert 
    into
        user_roles
        (user_id, role_id) 
    values
        (?, ?)
2026-06-23 23:01:54 [restartedMain] DEBUG org.hibernate.SQL - 
    insert 
    into
        user_roles
        (user_id, role_id) 
    values
        (?, ?)
2026-06-23 23:01:54 [restartedMain] DEBUG org.hibernate.SQL - 
    insert 
    into
        user_roles
        (user_id, role_id) 
    values
        (?, ?)
2026-06-23 23:01:54 [restartedMain] DEBUG org.hibernate.SQL - 
    insert 
    into
        doctor_specialties
        (doctor_id, specialty_id) 
    values
        (?, ?)
2026-06-23 23:01:54 [restartedMain] DEBUG org.hibernate.SQL - 
    insert 
    into
        doctor_specialties
        (doctor_id, specialty_id) 
    values
        (?, ?)
2026-06-23 23:01:54 [restartedMain] DEBUG org.hibernate.SQL - 
    insert 
    into
        doctor_specialties
        (doctor_id, specialty_id) 
    values
        (?, ?)
2026-06-23 23:02:43 [File Watcher] INFO  o.s.b.d.a.LocalDevToolsAutoConfiguration$RestartingClassPathChangeChangedEventListener - Restarting due to 55 class path changes (0 additions, 55 deletions, 0 modifications)
2026-06-23 23:02:43 [Thread-1] INFO  o.s.boot.tomcat.GracefulShutdown - Commencing graceful shutdown. Waiting for active requests to complete
2026-06-23 23:02:43 [tomcat-shutdown] INFO  o.a.coyote.http11.Http11NioProtocol - Pausing ProtocolHandler ["http-nio-8080"]
2026-06-23 23:02:43 [tomcat-shutdown] INFO  o.s.boot.tomcat.GracefulShutdown - Graceful shutdown complete
2026-06-23 23:02:43 [Thread-1] INFO  o.a.coyote.http11.Http11NioProtocol - Stopping ProtocolHandler ["http-nio-8080"]
2026-06-23 23:02:43 [Thread-1] INFO  o.s.o.j.LocalContainerEntityManagerFactoryBean - Closing JPA EntityManagerFactory for persistence unit 'default'
2026-06-23 23:02:43 [Thread-1] INFO  com.zaxxer.hikari.HikariDataSource - HikariPool-1 - Shutdown initiated...
2026-06-23 23:02:43 [Thread-1] INFO  com.zaxxer.hikari.HikariDataSource - HikariPool-1 - Shutdown completed.
2026-06-23 23:02:43 [restartedMain] INFO  c.m.backend.BackendApplication - Starting BackendApplication using Java 21.0.2 with PID 8336 (C:\Users\letit\OneDrive\Desktop\facultate\project awbd\MediCare-Clinic\backend\target\classes started by letit in C:\Users\letit\OneDrive\Desktop\facultate\project awbd\MediCare-Clinic\backend)
2026-06-23 23:02:43 [restartedMain] DEBUG c.m.backend.BackendApplication - Running with Spring Boot v4.0.6, Spring v7.0.7
2026-06-23 23:02:43 [restartedMain] INFO  c.m.backend.BackendApplication - The following 1 profile is active: "dev"
2026-06-23 23:02:44 [restartedMain] INFO  o.s.d.r.c.RepositoryConfigurationDelegate - Bootstrapping Spring Data JPA repositories in DEFAULT mode.
2026-06-23 23:02:44 [restartedMain] INFO  o.s.d.r.c.RepositoryConfigurationDelegate - Finished Spring Data repository scanning in 3 ms. Found 0 JPA repository interfaces.
2026-06-23 23:02:44 [restartedMain] INFO  o.s.boot.tomcat.TomcatWebServer - Tomcat initialized with port 8080 (http)
2026-06-23 23:02:44 [restartedMain] INFO  o.a.coyote.http11.Http11NioProtocol - Initializing ProtocolHandler ["http-nio-8080"]
2026-06-23 23:02:44 [restartedMain] INFO  o.a.catalina.core.StandardService - Starting service [Tomcat]
2026-06-23 23:02:44 [restartedMain] INFO  o.a.catalina.core.StandardEngine - Starting Servlet engine: [Apache Tomcat/11.0.21]
2026-06-23 23:02:44 [restartedMain] INFO  o.s.b.w.c.s.WebApplicationContextInitializer - Root WebApplicationContext: initialization completed in 399 ms
2026-06-23 23:02:44 [restartedMain] INFO  org.hibernate.orm.jpa - HHH008540: Processing PersistenceUnitInfo [name: default]
2026-06-23 23:02:44 [restartedMain] INFO  o.s.o.j.p.SpringPersistenceUnitInfo - No LoadTimeWeaver setup: ignoring JPA class transformer
2026-06-23 23:02:44 [restartedMain] INFO  com.zaxxer.hikari.HikariDataSource - HikariPool-2 - Starting...
2026-06-23 23:02:44 [restartedMain] INFO  com.zaxxer.hikari.pool.HikariPool - HikariPool-2 - Added connection org.postgresql.jdbc.PgConnection@6324ddde
2026-06-23 23:02:44 [restartedMain] INFO  com.zaxxer.hikari.HikariDataSource - HikariPool-2 - Start completed.
2026-06-23 23:02:44 [restartedMain] WARN  org.hibernate.orm.deprecation - HHH90000025: PostgreSQLDialect does not need to be specified explicitly using 'hibernate.dialect' (remove the property setting and it will be selected by default)
2026-06-23 23:02:44 [restartedMain] INFO  o.hibernate.orm.connections.pooling - HHH10001005: Database info:
	Database JDBC URL [jdbc:postgresql://localhost:5432/medicareclinic]
	Database driver: PostgreSQL JDBC Driver
	Database dialect: PostgreSQLDialect
	Database version: 18.0
	Default catalog/schema: medicareclinic/public
	Autocommit mode: undefined/unknown
	Isolation level: READ_COMMITTED [default READ_COMMITTED]
	JDBC fetch size: none
	Pool: DataSourceConnectionProvider
	Minimum pool size: undefined/unknown
	Maximum pool size: undefined/unknown
2026-06-23 23:02:44 [restartedMain] INFO  org.hibernate.orm.core - HHH000489: No JTA platform available (set 'hibernate.transaction.jta.platform' to enable JTA platform integration)
2026-06-23 23:02:44 [restartedMain] INFO  o.s.o.j.LocalContainerEntityManagerFactoryBean - Initialized JPA EntityManagerFactory for persistence unit 'default'
2026-06-23 23:02:44 [restartedMain] WARN  o.s.b.s.a.UserDetailsServiceAutoConfiguration - 

Using generated security password: 2cd83491-6cb8-4536-b866-11c32e5838b8

This generated password is for development use only. Your security configuration must be updated before running your application in production.

2026-06-23 23:02:44 [restartedMain] INFO  o.a.coyote.http11.Http11NioProtocol - Starting ProtocolHandler ["http-nio-8080"]
2026-06-23 23:02:44 [restartedMain] INFO  o.s.boot.tomcat.TomcatWebServer - Tomcat started on port 8080 (http) with context path '/'
2026-06-23 23:02:44 [restartedMain] INFO  c.m.backend.BackendApplication - Started BackendApplication in 1.018 seconds (process running for 56.232)
2026-06-23 23:02:44 [restartedMain] INFO  o.s.b.d.a.ConditionEvaluationDeltaLoggingListener - Condition evaluation delta:


==========================
CONDITION EVALUATION DELTA
==========================


Positive matches:
-----------------

   ServletWebSecurityAutoConfiguration.EnableWebSecurityConfiguration matched:
      - @ConditionalOnClass found required class 'org.springframework.security.config.annotation.web.configuration.EnableWebSecurity' (OnClassCondition)
      - @ConditionalOnMissingBean (names: springSecurityFilterChain; SearchStrategy: all) did not find any beans (OnBeanCondition)

   ServletWebSecurityAutoConfiguration.SecurityFilterChainConfiguration matched:
      - AllNestedConditions 2 matched 0 did not; NestedCondition on DefaultWebSecurityCondition.Beans @ConditionalOnMissingBean (types: org.springframework.security.web.SecurityFilterChain; SearchStrategy: all) did not find any beans; NestedCondition on DefaultWebSecurityCondition.Classes @ConditionalOnClass found required classes 'org.springframework.security.web.SecurityFilterChain', 'org.springframework.security.config.annotation.web.builders.HttpSecurity' (DefaultWebSecurityCondition)

   UserDetailsServiceAutoConfiguration matched:
      - @ConditionalOnClass found required class 'org.springframework.security.authentication.AuthenticationManager' (OnClassCondition)
      - found 'session' scope (OnWebApplicationCondition)
      - AnyNestedCondition 1 matched 2 did not; NestedCondition on MissingAlternativeUserDetailsManagerOrUserPropertiesConfigured.PasswordConfigured @ConditionalOnProperty (spring.security.user.password) did not find property 'spring.security.user.password'; NestedCondition on MissingAlternativeUserDetailsManagerOrUserPropertiesConfigured.NameConfigured @ConditionalOnProperty (spring.security.user.name) did not find property 'spring.security.user.name'; NestedCondition on MissingAlternativeUserDetailsManagerOrUserPropertiesConfigured.MissingAlternative @ConditionalOnMissingClass did not find unwanted classes 'org.springframework.security.oauth2.client.registration.ClientRegistrationRepository', 'org.springframework.security.oauth2.server.resource.introspection.OpaqueTokenIntrospector', 'org.springframework.security.saml2.provider.service.registration.RelyingPartyRegistrationRepository' (MissingAlternativeUserDetailsManagerOrUserPropertiesConfigured)
      - @ConditionalOnMissingBean (types: org.springframework.security.authentication.AuthenticationManager,org.springframework.security.authentication.AuthenticationProvider,org.springframework.security.core.userdetails.UserDetailsService,org.springframework.security.authentication.AuthenticationManagerResolver,org.springframework.security.oauth2.jwt.JwtDecoder; SearchStrategy: all) did not find any beans (OnBeanCondition)


Negative matches:
-----------------

    None


Exclusions:
-----------

    None


Unconditional classes:
----------------------

    None



2026-06-23 23:02:46 [File Watcher] INFO  o.s.b.d.a.LocalDevToolsAutoConfiguration$RestartingClassPathChangeChangedEventListener - Restarting due to 55 class path changes (55 additions, 0 deletions, 0 modifications)
2026-06-23 23:02:46 [Thread-5] INFO  o.s.boot.tomcat.GracefulShutdown - Commencing graceful shutdown. Waiting for active requests to complete
2026-06-23 23:02:46 [tomcat-shutdown] INFO  o.a.coyote.http11.Http11NioProtocol - Pausing ProtocolHandler ["http-nio-8080"]
2026-06-23 23:02:46 [tomcat-shutdown] INFO  o.s.boot.tomcat.GracefulShutdown - Graceful shutdown complete
2026-06-23 23:02:46 [Thread-5] INFO  o.a.coyote.http11.Http11NioProtocol - Stopping ProtocolHandler ["http-nio-8080"]
2026-06-23 23:02:46 [Thread-5] INFO  o.s.o.j.LocalContainerEntityManagerFactoryBean - Closing JPA EntityManagerFactory for persistence unit 'default'
2026-06-23 23:02:46 [Thread-5] INFO  com.zaxxer.hikari.HikariDataSource - HikariPool-2 - Shutdown initiated...
2026-06-23 23:02:46 [Thread-5] INFO  com.zaxxer.hikari.HikariDataSource - HikariPool-2 - Shutdown completed.
2026-06-23 23:02:46 [restartedMain] INFO  c.m.backend.BackendApplication - Starting BackendApplication using Java 21.0.2 with PID 8336 (C:\Users\letit\OneDrive\Desktop\facultate\project awbd\MediCare-Clinic\backend\target\classes started by letit in C:\Users\letit\OneDrive\Desktop\facultate\project awbd\MediCare-Clinic\backend)
2026-06-23 23:02:46 [restartedMain] DEBUG c.m.backend.BackendApplication - Running with Spring Boot v4.0.6, Spring v7.0.7
2026-06-23 23:02:46 [restartedMain] INFO  c.m.backend.BackendApplication - The following 1 profile is active: "dev"
2026-06-23 23:02:46 [restartedMain] INFO  o.s.d.r.c.RepositoryConfigurationDelegate - Bootstrapping Spring Data JPA repositories in DEFAULT mode.
2026-06-23 23:02:46 [restartedMain] INFO  o.s.d.r.c.RepositoryConfigurationDelegate - Finished Spring Data repository scanning in 15 ms. Found 7 JPA repository interfaces.
2026-06-23 23:02:46 [restartedMain] INFO  o.s.boot.tomcat.TomcatWebServer - Tomcat initialized with port 8080 (http)
2026-06-23 23:02:46 [restartedMain] INFO  o.a.coyote.http11.Http11NioProtocol - Initializing ProtocolHandler ["http-nio-8080"]
2026-06-23 23:02:46 [restartedMain] INFO  o.a.catalina.core.StandardService - Starting service [Tomcat]
2026-06-23 23:02:46 [restartedMain] INFO  o.a.catalina.core.StandardEngine - Starting Servlet engine: [Apache Tomcat/11.0.21]
2026-06-23 23:02:46 [restartedMain] INFO  o.s.b.w.c.s.WebApplicationContextInitializer - Root WebApplicationContext: initialization completed in 319 ms
2026-06-23 23:02:46 [restartedMain] INFO  org.hibernate.orm.jpa - HHH008540: Processing PersistenceUnitInfo [name: default]
2026-06-23 23:02:46 [restartedMain] INFO  o.s.o.j.p.SpringPersistenceUnitInfo - No LoadTimeWeaver setup: ignoring JPA class transformer
2026-06-23 23:02:46 [restartedMain] INFO  com.zaxxer.hikari.HikariDataSource - HikariPool-3 - Starting...
2026-06-23 23:02:47 [restartedMain] INFO  com.zaxxer.hikari.pool.HikariPool - HikariPool-3 - Added connection org.postgresql.jdbc.PgConnection@182960c0
2026-06-23 23:02:47 [restartedMain] INFO  com.zaxxer.hikari.HikariDataSource - HikariPool-3 - Start completed.
2026-06-23 23:02:47 [restartedMain] WARN  org.hibernate.orm.deprecation - HHH90000025: PostgreSQLDialect does not need to be specified explicitly using 'hibernate.dialect' (remove the property setting and it will be selected by default)
2026-06-23 23:02:47 [restartedMain] INFO  o.hibernate.orm.connections.pooling - HHH10001005: Database info:
	Database JDBC URL [jdbc:postgresql://localhost:5432/medicareclinic]
	Database driver: PostgreSQL JDBC Driver
	Database dialect: PostgreSQLDialect
	Database version: 18.0
	Default catalog/schema: medicareclinic/public
	Autocommit mode: undefined/unknown
	Isolation level: READ_COMMITTED [default READ_COMMITTED]
	JDBC fetch size: none
	Pool: DataSourceConnectionProvider
	Minimum pool size: undefined/unknown
	Maximum pool size: undefined/unknown
2026-06-23 23:02:47 [background-preinit] INFO  o.h.validator.internal.util.Version - HV000001: Hibernate Validator 9.0.1.Final
2026-06-23 23:02:47 [restartedMain] INFO  org.hibernate.orm.core - HHH000489: No JTA platform available (set 'hibernate.transaction.jta.platform' to enable JTA platform integration)
2026-06-23 23:02:47 [restartedMain] INFO  c.m.backend.BackendApplication - Starting BackendApplication using Java 21.0.2 with PID 22880 (C:\Users\letit\OneDrive\Desktop\facultate\project awbd\MediCare-Clinic\backend\target\classes started by letit in C:\Users\letit\OneDrive\Desktop\facultate\project awbd\MediCare-Clinic\backend)
2026-06-23 23:02:47 [restartedMain] DEBUG c.m.backend.BackendApplication - Running with Spring Boot v4.0.6, Spring v7.0.7
2026-06-23 23:02:47 [restartedMain] INFO  c.m.backend.BackendApplication - The following 1 profile is active: "dev"
2026-06-23 23:02:47 [restartedMain] INFO  o.s.o.j.LocalContainerEntityManagerFactoryBean - Initialized JPA EntityManagerFactory for persistence unit 'default'
2026-06-23 23:02:47 [restartedMain] INFO  o.s.b.d.e.DevToolsPropertyDefaultsPostProcessor - Devtools property defaults active! Set 'spring.devtools.add-properties' to 'false' to disable
2026-06-23 23:02:47 [restartedMain] INFO  o.s.b.d.e.DevToolsPropertyDefaultsPostProcessor - For additional web related logging consider setting the 'logging.level.web' property to 'DEBUG'
2026-06-23 23:02:48 [restartedMain] INFO  o.a.coyote.http11.Http11NioProtocol - Starting ProtocolHandler ["http-nio-8080"]
2026-06-23 23:02:48 [restartedMain] INFO  o.s.boot.tomcat.TomcatWebServer - Tomcat started on port 8080 (http) with context path '/'
2026-06-23 23:02:48 [restartedMain] INFO  c.m.backend.BackendApplication - Started BackendApplication in 1.5 seconds (process running for 59.499)
2026-06-23 23:02:48 [restartedMain] DEBUG org.hibernate.SQL - 
    select
        r1_0.id,
        r1_0.name 
    from
        roles r1_0 
    where
        r1_0.name=?
2026-06-23 23:02:48 [restartedMain] DEBUG org.hibernate.SQL - 
    select
        r1_0.id,
        r1_0.name 
    from
        roles r1_0 
    where
        r1_0.name=?
2026-06-23 23:02:48 [restartedMain] DEBUG org.hibernate.SQL - 
    select
        r1_0.id,
        r1_0.name 
    from
        roles r1_0 
    where
        r1_0.name=?
2026-06-23 23:02:48 [restartedMain] DEBUG org.hibernate.SQL - 
    select
        r1_0.id,
        r1_0.name 
    from
        roles r1_0 
    where
        r1_0.name=?
2026-06-23 23:02:48 [restartedMain] DEBUG org.hibernate.SQL - 
    select
        r1_0.id,
        r1_0.name 
    from
        roles r1_0 
    where
        r1_0.name=?
2026-06-23 23:02:48 [restartedMain] DEBUG org.hibernate.SQL - 
    select
        r1_0.id,
        r1_0.name 
    from
        roles r1_0 
    where
        r1_0.name=?
2026-06-23 23:02:48 [restartedMain] INFO  o.s.d.r.c.RepositoryConfigurationDelegate - Bootstrapping Spring Data JPA repositories in DEFAULT mode.
2026-06-23 23:02:48 [restartedMain] DEBUG org.hibernate.SQL - 
    select
        r1_0.id,
        r1_0.name 
    from
        roles r1_0 
    where
        r1_0.name=?
2026-06-23 23:02:48 [restartedMain] DEBUG org.hibernate.SQL - 
    select
        r1_0.id,
        r1_0.name 
    from
        roles r1_0 
    where
        r1_0.name=?
2026-06-23 23:02:48 [restartedMain] DEBUG org.hibernate.SQL - 
    select
        u1_0.id 
    from
        users u1_0 
    where
        u1_0.username=? 
    fetch
        first ? rows only
2026-06-23 23:02:48 [restartedMain] DEBUG org.hibernate.SQL - 
    select
        u1_0.id 
    from
        users u1_0 
    where
        u1_0.username=? 
    fetch
        first ? rows only
2026-06-23 23:02:48 [restartedMain] DEBUG org.hibernate.SQL - 
    select
        u1_0.id 
    from
        users u1_0 
    where
        u1_0.username=? 
    fetch
        first ? rows only
2026-06-23 23:02:48 [restartedMain] DEBUG org.hibernate.SQL - 
    select
        u1_0.id 
    from
        users u1_0 
    where
        u1_0.username=? 
    fetch
        first ? rows only
2026-06-23 23:02:48 [restartedMain] DEBUG org.hibernate.SQL - 
    select
        u1_0.id 
    from
        users u1_0 
    where
        u1_0.username=? 
    fetch
        first ? rows only
2026-06-23 23:02:48 [restartedMain] DEBUG org.hibernate.SQL - 
    select
        u1_0.id 
    from
        users u1_0 
    where
        u1_0.username=? 
    fetch
        first ? rows only
2026-06-23 23:02:48 [restartedMain] INFO  c.m.backend.config.DataInitializer - Default users ensured
2026-06-23 23:02:48 [restartedMain] DEBUG org.hibernate.SQL - 
    select
        s1_0.id 
    from
        specialties s1_0 
    where
        s1_0.name=? 
    fetch
        first ? rows only
2026-06-23 23:02:48 [restartedMain] DEBUG org.hibernate.SQL - 
    select
        s1_0.id 
    from
        specialties s1_0 
    where
        s1_0.name=? 
    fetch
        first ? rows only
2026-06-23 23:02:48 [restartedMain] DEBUG org.hibernate.SQL - 
    select
        s1_0.id 
    from
        specialties s1_0 
    where
        s1_0.name=? 
    fetch
        first ? rows only
2026-06-23 23:02:48 [restartedMain] DEBUG org.hibernate.SQL - 
    select
        s1_0.id 
    from
        specialties s1_0 
    where
        s1_0.name=? 
    fetch
        first ? rows only
2026-06-23 23:02:48 [restartedMain] DEBUG org.hibernate.SQL - 
    select
        s1_0.id,
        s1_0.description,
        s1_0.name 
    from
        specialties s1_0 
    where
        s1_0.name=?
2026-06-23 23:02:48 [restartedMain] DEBUG org.hibernate.SQL - 
    select
        s1_0.id,
        s1_0.description,
        s1_0.name 
    from
        specialties s1_0 
    where
        s1_0.name=?
2026-06-23 23:02:48 [restartedMain] DEBUG org.hibernate.SQL - 
    select
        u1_0.id,
        u1_0.enabled,
        u1_0.password,
        u1_0.username 
    from
        users u1_0 
    where
        u1_0.username=?
2026-06-23 23:02:48 [restartedMain] DEBUG org.hibernate.SQL - 
    select
        r1_0.user_id,
        r1_1.id,
        r1_1.name 
    from
        user_roles r1_0 
    join
        roles r1_1 
            on r1_1.id=r1_0.role_id 
    where
        r1_0.user_id=?
2026-06-23 23:02:48 [restartedMain] DEBUG org.hibernate.SQL - 
    select
        dp1_0.id 
    from
        doctor_profiles dp1_0 
    where
        dp1_0.user_id=? 
    fetch
        first ? rows only
2026-06-23 23:02:48 [restartedMain] DEBUG org.hibernate.SQL - 
    select
        u1_0.id,
        u1_0.enabled,
        u1_0.password,
        u1_0.username 
    from
        users u1_0 
    where
        u1_0.username=?
2026-06-23 23:02:48 [restartedMain] DEBUG org.hibernate.SQL - 
    select
        r1_0.user_id,
        r1_1.id,
        r1_1.name 
    from
        user_roles r1_0 
    join
        roles r1_1 
            on r1_1.id=r1_0.role_id 
    where
        r1_0.user_id=?
2026-06-23 23:02:48 [restartedMain] DEBUG org.hibernate.SQL - 
    select
        dp1_0.id 
    from
        doctor_profiles dp1_0 
    where
        dp1_0.user_id=? 
    fetch
        first ? rows only
2026-06-23 23:02:48 [restartedMain] INFO  c.m.backend.config.DataInitializer - Default doctor profiles ensured
2026-06-23 23:02:48 [restartedMain] DEBUG org.hibernate.SQL - 
    select
        u1_0.id,
        u1_0.enabled,
        u1_0.password,
        u1_0.username 
    from
        users u1_0 
    where
        u1_0.username=?
2026-06-23 23:02:48 [restartedMain] INFO  o.s.d.r.c.RepositoryConfigurationDelegate - Finished Spring Data repository scanning in 53 ms. Found 7 JPA repository interfaces.
2026-06-23 23:02:48 [restartedMain] DEBUG org.hibernate.SQL - 
    select
        r1_0.user_id,
        r1_1.id,
        r1_1.name 
    from
        user_roles r1_0 
    join
        roles r1_1 
            on r1_1.id=r1_0.role_id 
    where
        r1_0.user_id=?
2026-06-23 23:02:48 [restartedMain] DEBUG org.hibernate.SQL - 
    select
        p1_0.id,
        p1_0.contact_info,
        p1_0.email,
        p1_0.full_name,
        p1_0.user_id 
    from
        patients p1_0 
    left join
        users u1_0 
            on u1_0.id=p1_0.user_id 
    where
        u1_0.username=?
2026-06-23 23:02:48 [restartedMain] DEBUG org.hibernate.SQL - 
    select
        u1_0.id,
        u1_0.enabled,
        u1_0.password,
        u1_0.username 
    from
        users u1_0 
    where
        u1_0.username=?
2026-06-23 23:02:48 [restartedMain] DEBUG org.hibernate.SQL - 
    select
        r1_0.user_id,
        r1_1.id,
        r1_1.name 
    from
        user_roles r1_0 
    join
        roles r1_1 
            on r1_1.id=r1_0.role_id 
    where
        r1_0.user_id=?
2026-06-23 23:02:48 [restartedMain] DEBUG org.hibernate.SQL - 
    select
        p1_0.id,
        p1_0.contact_info,
        p1_0.email,
        p1_0.full_name,
        p1_0.user_id 
    from
        patients p1_0 
    left join
        users u1_0 
            on u1_0.id=p1_0.user_id 
    where
        u1_0.username=?
2026-06-23 23:02:48 [restartedMain] INFO  c.m.backend.config.DataInitializer - Default patients ensured
2026-06-23 23:02:48 [restartedMain] DEBUG org.hibernate.SQL - 
    select
        p1_0.id,
        p1_0.contact_info,
        p1_0.email,
        p1_0.full_name,
        p1_0.user_id 
    from
        patients p1_0 
    left join
        users u1_0 
            on u1_0.id=p1_0.user_id 
    where
        u1_0.username=?
2026-06-23 23:02:48 [restartedMain] DEBUG org.hibernate.SQL - 
    select
        mr1_0.id 
    from
        medical_records mr1_0 
    where
        mr1_0.patient_id=? 
    fetch
        first ? rows only
2026-06-23 23:02:48 [restartedMain] DEBUG org.hibernate.SQL - 
    select
        p1_0.id,
        p1_0.contact_info,
        p1_0.email,
        p1_0.full_name,
        p1_0.user_id 
    from
        patients p1_0 
    left join
        users u1_0 
            on u1_0.id=p1_0.user_id 
    where
        u1_0.username=?
2026-06-23 23:02:48 [restartedMain] DEBUG org.hibernate.SQL - 
    select
        mr1_0.id 
    from
        medical_records mr1_0 
    where
        mr1_0.patient_id=? 
    fetch
        first ? rows only
2026-06-23 23:02:48 [restartedMain] INFO  c.m.backend.config.DataInitializer - Default medical records ensured
2026-06-23 23:02:48 [restartedMain] INFO  o.s.b.d.a.ConditionEvaluationDeltaLoggingListener - Condition evaluation delta:


==========================
CONDITION EVALUATION DELTA
==========================


Positive matches:
-----------------

    None


Negative matches:
-----------------

   ServletWebSecurityAutoConfiguration.EnableWebSecurityConfiguration:
      Did not match:
         - @ConditionalOnMissingBean (names: springSecurityFilterChain; SearchStrategy: all) found beans named springSecurityFilterChain (OnBeanCondition)
      Matched:
         - @ConditionalOnClass found required class 'org.springframework.security.config.annotation.web.configuration.EnableWebSecurity' (OnClassCondition)

   ServletWebSecurityAutoConfiguration.SecurityFilterChainConfiguration:
      Did not match:
         - AllNestedConditions 1 matched 1 did not; NestedCondition on DefaultWebSecurityCondition.Beans @ConditionalOnMissingBean (types: org.springframework.security.web.SecurityFilterChain; SearchStrategy: all) found beans of type 'org.springframework.security.web.SecurityFilterChain' securityFilterChain; NestedCondition on DefaultWebSecurityCondition.Classes @ConditionalOnClass found required classes 'org.springframework.security.web.SecurityFilterChain', 'org.springframework.security.config.annotation.web.builders.HttpSecurity' (DefaultWebSecurityCondition)

   UserDetailsServiceAutoConfiguration:
      Did not match:
         - @ConditionalOnMissingBean (types: org.springframework.security.authentication.AuthenticationManager,org.springframework.security.authentication.AuthenticationProvider,org.springframework.security.core.userdetails.UserDetailsService,org.springframework.security.authentication.AuthenticationManagerResolver,org.springframework.security.oauth2.jwt.JwtDecoder; SearchStrategy: all) found beans of type 'org.springframework.security.authentication.AuthenticationManager' authenticationManager and found beans of type 'org.springframework.security.core.userdetails.UserDetailsService' customUserDetailsService and found beans of type 'org.springframework.security.authentication.AuthenticationProvider' authenticationProvider (OnBeanCondition)
      Matched:
         - @ConditionalOnClass found required class 'org.springframework.security.authentication.AuthenticationManager' (OnClassCondition)
         - found 'session' scope (OnWebApplicationCondition)
         - AnyNestedCondition 1 matched 2 did not; NestedCondition on MissingAlternativeUserDetailsManagerOrUserPropertiesConfigured.PasswordConfigured @ConditionalOnProperty (spring.security.user.password) did not find property 'spring.security.user.password'; NestedCondition on MissingAlternativeUserDetailsManagerOrUserPropertiesConfigured.NameConfigured @ConditionalOnProperty (spring.security.user.name) did not find property 'spring.security.user.name'; NestedCondition on MissingAlternativeUserDetailsManagerOrUserPropertiesConfigured.MissingAlternative @ConditionalOnMissingClass did not find unwanted classes 'org.springframework.security.oauth2.client.registration.ClientRegistrationRepository', 'org.springframework.security.oauth2.server.resource.introspection.OpaqueTokenIntrospector', 'org.springframework.security.saml2.provider.service.registration.RelyingPartyRegistrationRepository' (MissingAlternativeUserDetailsManagerOrUserPropertiesConfigured)


Exclusions:
-----------

    None


Unconditional classes:
----------------------

    None



2026-06-23 23:02:48 [restartedMain] INFO  o.s.boot.tomcat.TomcatWebServer - Tomcat initialized with port 8080 (http)
2026-06-23 23:02:48 [restartedMain] INFO  o.a.coyote.http11.Http11NioProtocol - Initializing ProtocolHandler ["http-nio-8080"]
2026-06-23 23:02:48 [restartedMain] INFO  o.a.catalina.core.StandardService - Starting service [Tomcat]
2026-06-23 23:02:48 [restartedMain] INFO  o.a.catalina.core.StandardEngine - Starting Servlet engine: [Apache Tomcat/11.0.21]
2026-06-23 23:02:48 [restartedMain] INFO  o.s.b.w.c.s.WebApplicationContextInitializer - Root WebApplicationContext: initialization completed in 1347 ms
2026-06-23 23:02:48 [restartedMain] INFO  org.hibernate.orm.jpa - HHH008540: Processing PersistenceUnitInfo [name: default]
2026-06-23 23:02:48 [restartedMain] INFO  org.hibernate.orm.core - HHH000001: Hibernate ORM core version 7.2.12.Final
2026-06-23 23:02:49 [restartedMain] INFO  o.s.o.j.p.SpringPersistenceUnitInfo - No LoadTimeWeaver setup: ignoring JPA class transformer
2026-06-23 23:02:49 [restartedMain] INFO  com.zaxxer.hikari.HikariDataSource - HikariPool-1 - Starting...
2026-06-23 23:02:49 [restartedMain] INFO  com.zaxxer.hikari.pool.HikariPool - HikariPool-1 - Added connection org.postgresql.jdbc.PgConnection@3f281e52
2026-06-23 23:02:49 [restartedMain] INFO  com.zaxxer.hikari.HikariDataSource - HikariPool-1 - Start completed.
2026-06-23 23:02:49 [restartedMain] WARN  org.hibernate.orm.deprecation - HHH90000025: PostgreSQLDialect does not need to be specified explicitly using 'hibernate.dialect' (remove the property setting and it will be selected by default)
2026-06-23 23:02:50 [restartedMain] INFO  o.hibernate.orm.connections.pooling - HHH10001005: Database info:
	Database JDBC URL [jdbc:postgresql://localhost:5432/medicareclinic]
	Database driver: PostgreSQL JDBC Driver
	Database dialect: PostgreSQLDialect
	Database version: 18.0
	Default catalog/schema: medicareclinic/public
	Autocommit mode: undefined/unknown
	Isolation level: READ_COMMITTED [default READ_COMMITTED]
	JDBC fetch size: none
	Pool: DataSourceConnectionProvider
	Minimum pool size: undefined/unknown
	Maximum pool size: undefined/unknown
2026-06-23 23:02:53 [restartedMain] INFO  org.hibernate.orm.core - HHH000489: No JTA platform available (set 'hibernate.transaction.jta.platform' to enable JTA platform integration)
2026-06-23 23:02:54 [restartedMain] INFO  o.s.o.j.LocalContainerEntityManagerFactoryBean - Initialized JPA EntityManagerFactory for persistence unit 'default'
2026-06-23 23:02:54 [restartedMain] INFO  o.s.d.j.r.q.QueryEnhancerFactories - Hibernate is in classpath; If applicable, HQL parser will be used.
2026-06-23 23:02:57 [restartedMain] INFO  o.a.coyote.http11.Http11NioProtocol - Starting ProtocolHandler ["http-nio-8080"]
2026-06-23 23:02:57 [restartedMain] WARN  o.s.b.w.s.s.c.AnnotationConfigServletWebServerApplicationContext - Exception encountered during context initialization - cancelling refresh attempt: org.springframework.context.ApplicationContextException: Failed to start bean 'webServerStartStop'
2026-06-23 23:02:57 [restartedMain] INFO  o.s.o.j.LocalContainerEntityManagerFactoryBean - Closing JPA EntityManagerFactory for persistence unit 'default'
2026-06-23 23:02:57 [restartedMain] INFO  com.zaxxer.hikari.HikariDataSource - HikariPool-1 - Shutdown initiated...
2026-06-23 23:02:57 [restartedMain] INFO  com.zaxxer.hikari.HikariDataSource - HikariPool-1 - Shutdown completed.
2026-06-23 23:02:57 [restartedMain] INFO  o.s.b.a.l.ConditionEvaluationReportLogger - 

Error starting ApplicationContext. To display the condition evaluation report re-run your application with 'debug' enabled.
2026-06-23 23:02:57 [restartedMain] ERROR o.s.b.d.LoggingFailureAnalysisReporter - 

***************************
APPLICATION FAILED TO START
***************************

Description:

Web server failed to start. Port 8080 was already in use.

Action:

Identify and stop the process that's listening on port 8080 or configure this application to listen on another port.

